#
# There is insufficient memory for the Java Runtime Environment to continue.
# Native memory allocation (mmap) failed to map 25769803776 bytes. Error detail: committing reserved memory.
# Possible reasons:
#   The system is out of physical RAM or swap space
# Possible solutions:
#   Reduce memory load on the system
#   Increase physical memory or swap space
#   Check if swap backing store is full
#   Decrease Java heap size (-Xmx/-Xms)
#   Decrease number of Java threads
#   Decrease Java thread stack sizes (-Xss)
#   Set larger code cache with -XX:ReservedCodeCacheSize=
# This output file may be truncated or incomplete.
#
#  Out of Memory Error (os_linux.cpp:2827), pid=118281, tid=118282
#
# JRE version:  (21.0.8+9) (build )
# Java VM: OpenJDK 64-Bit Server VM (21.0.8+9-Ubuntu-0ubuntu124.04.1, mixed mode, sharing, tiered, compressed class ptrs, g1 gc, linux-amd64)
# Core dump will be written. Default location: Core dumps may be processed with "/usr/share/apport/apport -p%p -s%s -c%c -d%d -P%P -u%u -g%g -F%F -- %E" (or dumping to /home/aaniksahaa/research/STELAR-MP/core.118281)
#

---------------  S U M M A R Y ------------

Command Line: -Xms24g -Xmx108g -Djava.library.path=/home/aaniksahaa/research/STELAR-MP/cuda -Djna.debug_load=true -Djna.debug_load.jna=true -Djna.platform.library.path=/home/aaniksahaa/research/STELAR-MP/cuda -Djna.memory.contiguous=true -Djna.memory.contiguous.alignment=8 -Djna.memory.contiguous.size=1024 Main -i /home/aaniksahaa/research/STELAR-MP/simphy/data/t_100_g_100_sb_0.000001_spmin_100000_spmax_150000/R1/all_gt.tre -o /home/aaniksahaa/research/STELAR-MP/simphy/data/t_100_g_100_sb_0.000001_spmin_100000_spmax_150000/R1/out-stelar.tre -m GPU_PARALLEL -e NONE --no-expansion

Host: 13th Gen Intel(R) Core(TM) i5-13450HX, 16 cores, 15G, Ubuntu 24.04.2 LTS
Time: Fri Sep 26 01:34:40 2025 +06 elapsed time: 0.006572 seconds (0d 0h 0m 0s)

---------------  T H R E A D  ---------------

Current thread (0x0000772a2c019750):  JavaThread "Unknown thread" [_thread_in_vm, id=118282, stack(0x0000772a31300000,0x0000772a31400000) (1024K)]

Stack: [0x0000772a31300000,0x0000772a31400000],  sp=0x0000772a313fe500,  free space=1017k
Native frames: (J=compiled Java code, j=interpreted, Vv=VM code, C=native code)
V  [libjvm.so+0x10197ab]  VMError::report_and_die(int, char const*, char const*, __va_list_tag*, Thread*, unsigned char*, void*, void*, char const*, int, unsigned long)+0x27b  (os_linux.cpp:2827)
V  [libjvm.so+0x101a211]
V  [libjvm.so+0x6b28c1]
V  [libjvm.so+0xd0125d]  os::pd_commit_memory_or_exit(char*, unsigned long, unsigned long, bool, char const*)+0xdd
V  [libjvm.so+0xcfac8f]  os::commit_memory_or_exit(char*, unsigned long, unsigned long, bool, char const*)+0x1f
V  [libjvm.so+0x813ecb]  G1PageBasedVirtualSpace::commit(unsigned long, unsigned long)+0x5b
V  [libjvm.so+0x82a53b]  G1RegionsLargerThanCommitSizeMapper::commit_regions(unsigned int, unsigned long, WorkerThreads*)+0xab
V  [libjvm.so+0x8baeaa]  HeapRegionManager::commit_regions(unsigned int, unsigned long, WorkerThreads*)+0x5a
V  [libjvm.so+0x8bcb4f]  HeapRegionManager::expand(unsigned int, unsigned int, WorkerThreads*)+0x2f
V  [libjvm.so+0x8bcd65]  HeapRegionManager::expand_by(unsigned int, WorkerThreads*)+0x75
V  [libjvm.so+0x7c965c]  G1CollectedHeap::expand(unsigned long, WorkerThreads*, double*)+0xfc
V  [libjvm.so+0x7c9bf3]  G1CollectedHeap::initialize()+0x543
V  [libjvm.so+0xfbc269]  universe_init()+0xd9
V  [libjvm.so+0x8db01a]  init_globals()+0x3a
V  [libjvm.so+0xf9b368]  Threads::create_vm(JavaVMInitArgs*, bool*)+0x278
V  [libjvm.so+0x9b5813]  JNI_CreateJavaVM+0x53
C  [libjli.so+0x4673]  JavaMain+0x93
C  [libjli.so+0x846d]  ThreadJavaMain+0xd
C  [libc.so.6+0x9caa4]

---------------  P R O C E S S  ---------------

Threads class SMR info:
_java_thread_list=0x0000772a32d4d000, length=0, elements={
}

Java Threads: ( => current thread )
Total: 0

Other Threads:
  0x0000772a2c05d090 WorkerThread "GC Thread#0"                     [id=118283, stack(0x0000772a14627000,0x0000772a14727000) (1024K)]
  0x0000772a2c0796d0 ConcurrentGCThread "G1 Main Marker"            [id=118284, stack(0x0000772a14526000,0x0000772a14626000) (1024K)]
  0x0000772a2c07a680 WorkerThread "G1 Conc#0"                       [id=118285, stack(0x0000772a14425000,0x0000772a14525000) (1024K)]

[error occurred during error reporting (printing all threads), id 0xb, SIGSEGV (0xb) at pc=0x0000772a31fe4a24]
VM state: not at safepoint (not fully initialized)

VM Mutex/Monitor currently owned by a thread:  ([mutex/lock_event])
[0x0000772a32d26d10] Heap_lock - owner thread: 0x0000772a2c019750

CDS archive(s) mapped at: [0x0000000000000000-0x0000000000000000-0x0000000000000000), size 0, SharedBaseAddress: 0x0000000800000000, ArchiveRelocationMode: 1.
Narrow klass base: 0x0000000000000000, Narrow klass shift: 0, Narrow klass range: 0x0

GC Precious Log:
 CardTable entry size: 512
 Card Set container configuration: InlinePtr #cards 3 size 8 Array Of Cards #cards 256 size 528 Howl #buckets 8 coarsen threshold 58982 Howl Bitmap #cards 8192 size 1040 coarsen threshold 7372 Card regions per heap region 1 cards per card region 65536

Heap:
 garbage-first heap   total 0K, used 0K [0x0000770f14000000, 0x0000772a14000000)
  region size 32768K, 0 young (0K), 0 survivors (0K)

[error occurred during error reporting (printing heap information), id 0xb, SIGSEGV (0xb) at pc=0x0000772a325ad7de]
GC Heap History (0 events):
No events

Dll operation events (1 events):
Event: 0.001 Loaded shared library /usr/lib/jvm/java-21-openjdk-amd64/lib/libjava.so

Deoptimization events (0 events):
No events

Classes loaded (0 events):
No events

Classes unloaded (0 events):
No events

Classes redefined (0 events):
No events

Internal exceptions (0 events):
No events

ZGC Phase Switch (0 events):
No events

VM Operations (0 events):
No events

Memory protections (1 events):
Event: 0.001 Protecting memory [0x0000772a31300000,0x0000772a31304000] with protection modes 0

Nmethod flushes (0 events):
No events

Events (0 events):
No events


Dynamic libraries:
6287f0552000-6287f0553000 r--p 00000000 103:02 27153245                  /usr/lib/jvm/java-21-openjdk-amd64/bin/java
6287f0553000-6287f0554000 r-xp 00001000 103:02 27153245                  /usr/lib/jvm/java-21-openjdk-amd64/bin/java
6287f0554000-6287f0555000 r--p 00002000 103:02 27153245                  /usr/lib/jvm/java-21-openjdk-amd64/bin/java
6287f0555000-6287f0556000 r--p 00002000 103:02 27153245                  /usr/lib/jvm/java-21-openjdk-amd64/bin/java
6287f0556000-6287f0557000 rw-p 00003000 103:02 27153245                  /usr/lib/jvm/java-21-openjdk-amd64/bin/java
62881b11e000-62881b165000 rw-p 00000000 00:00 0                          [heap]
770e7e000000-770e80021000 rw-p 00000000 00:00 0 
770e80021000-770e84000000 ---p 00000000 00:00 0 
770e84000000-770e84021000 rw-p 00000000 00:00 0 
770e84021000-770e88000000 ---p 00000000 00:00 0 
770e88000000-770e88021000 rw-p 00000000 00:00 0 
770e88021000-770e8c000000 ---p 00000000 00:00 0 
770e8c292000-770e8d000000 rw-p 00000000 00:00 0 
770e8d000000-770f14000000 ---p 00000000 00:00 0 
770f14000000-771514000000 ---p 00000000 00:00 0 
771514000000-772a14000000 ---p 00000000 00:00 0 
772a14020000-772a14424000 rw-p 00000000 00:00 0 
772a14424000-772a14425000 ---p 00000000 00:00 0 
772a14425000-772a14525000 rw-p 00000000 00:00 0 
772a14525000-772a14526000 ---p 00000000 00:00 0 
772a14526000-772a14626000 rw-p 00000000 00:00 0 
772a14626000-772a14627000 ---p 00000000 00:00 0 
772a14627000-772a14727000 rw-p 00000000 00:00 0 
772a14727000-772a14800000 rw-p 00000000 00:00 0 
772a14800000-772a14a70000 rwxp 00000000 00:00 0 
772a14a70000-772a1bc5f000 ---p 00000000 00:00 0 
772a1bc5f000-772a1becf000 rwxp 00000000 00:00 0 
772a1becf000-772a1c3a0000 ---p 00000000 00:00 0 
772a1c3a0000-772a1c610000 rwxp 00000000 00:00 0 
772a1c610000-772a23800000 ---p 00000000 00:00 0 
772a23800000-772a2be2a000 r--s 00000000 103:02 27153395                  /usr/lib/jvm/java-21-openjdk-amd64/lib/modules
772a2beb5000-772a2c0dc000 rw-p 00000000 00:00 0 
772a2c0dc000-772a30000000 ---p 00000000 00:00 0 
772a300c0000-772a31133000 rw-p 00000000 00:00 0 
772a31133000-772a31217000 ---p 00000000 00:00 0 
772a31217000-772a3121c000 rw-p 00000000 00:00 0 
772a3121c000-772a31300000 ---p 00000000 00:00 0 
772a31300000-772a31304000 ---p 00000000 00:00 0 
772a31304000-772a31400000 rw-p 00000000 00:00 0 
772a31400000-772a3149d000 r--p 00000000 103:02 26741056                  /usr/lib/x86_64-linux-gnu/libstdc++.so.6.0.33
772a3149d000-772a315e5000 r-xp 0009d000 103:02 26741056                  /usr/lib/x86_64-linux-gnu/libstdc++.so.6.0.33
772a315e5000-772a3166c000 r--p 001e5000 103:02 26741056                  /usr/lib/x86_64-linux-gnu/libstdc++.so.6.0.33
772a3166c000-772a31677000 r--p 0026b000 103:02 26741056                  /usr/lib/x86_64-linux-gnu/libstdc++.so.6.0.33
772a31677000-772a3167a000 rw-p 00276000 103:02 26741056                  /usr/lib/x86_64-linux-gnu/libstdc++.so.6.0.33
772a3167a000-772a3167e000 rw-p 00000000 00:00 0 
772a31717000-772a31727000 r--p 00000000 103:02 26757195                  /usr/lib/x86_64-linux-gnu/libm.so.6
772a31727000-772a317a6000 r-xp 00010000 103:02 26757195                  /usr/lib/x86_64-linux-gnu/libm.so.6
772a317a6000-772a317fe000 r--p 0008f000 103:02 26757195                  /usr/lib/x86_64-linux-gnu/libm.so.6
772a317fe000-772a317ff000 r--p 000e7000 103:02 26757195                  /usr/lib/x86_64-linux-gnu/libm.so.6
772a317ff000-772a31800000 rw-p 000e8000 103:02 26757195                  /usr/lib/x86_64-linux-gnu/libm.so.6
772a31800000-772a31aa2000 r--p 00000000 103:02 27153401                  /usr/lib/jvm/java-21-openjdk-amd64/lib/server/libjvm.so
772a31aa2000-772a32917000 r-xp 002a2000 103:02 27153401                  /usr/lib/jvm/java-21-openjdk-amd64/lib/server/libjvm.so
772a32917000-772a32bf1000 r--p 01117000 103:02 27153401                  /usr/lib/jvm/java-21-openjdk-amd64/lib/server/libjvm.so
772a32bf1000-772a32cc5000 r--p 013f0000 103:02 27153401                  /usr/lib/jvm/java-21-openjdk-amd64/lib/server/libjvm.so
772a32cc5000-772a32cf5000 rw-p 014c4000 103:02 27153401                  /usr/lib/jvm/java-21-openjdk-amd64/lib/server/libjvm.so
772a32cf5000-772a32d5b000 rw-p 00000000 00:00 0 
772a32d9f000-772a32da4000 rw-p 00000000 00:00 0 
772a32da4000-772a32dae000 ---p 00000000 00:00 0 
772a32dae000-772a32dbb000 r--p 00000000 103:02 27153372                  /usr/lib/jvm/java-21-openjdk-amd64/lib/libjava.so
772a32dbb000-772a32dca000 r-xp 0000d000 103:02 27153372                  /usr/lib/jvm/java-21-openjdk-amd64/lib/libjava.so
772a32dca000-772a32dcf000 r--p 0001c000 103:02 27153372                  /usr/lib/jvm/java-21-openjdk-amd64/lib/libjava.so
772a32dcf000-772a32dd0000 r--p 00021000 103:02 27153372                  /usr/lib/jvm/java-21-openjdk-amd64/lib/libjava.so
772a32dd0000-772a32dd1000 rw-p 00022000 103:02 27153372                  /usr/lib/jvm/java-21-openjdk-amd64/lib/libjava.so
772a32dd1000-772a32dd2000 rw-p 00000000 00:00 0 
772a32dd2000-772a32dd6000 r--p 00000000 103:02 26741053                  /usr/lib/x86_64-linux-gnu/libgcc_s.so.1
772a32dd6000-772a32dfa000 r-xp 00004000 103:02 26741053                  /usr/lib/x86_64-linux-gnu/libgcc_s.so.1
772a32dfa000-772a32dfe000 r--p 00028000 103:02 26741053                  /usr/lib/x86_64-linux-gnu/libgcc_s.so.1
772a32dfe000-772a32dff000 r--p 0002b000 103:02 26741053                  /usr/lib/x86_64-linux-gnu/libgcc_s.so.1
772a32dff000-772a32e00000 rw-p 0002c000 103:02 26741053                  /usr/lib/x86_64-linux-gnu/libgcc_s.so.1
772a32e00000-772a32e28000 r--p 00000000 103:02 26757190                  /usr/lib/x86_64-linux-gnu/libc.so.6
772a32e28000-772a32fb0000 r-xp 00028000 103:02 26757190                  /usr/lib/x86_64-linux-gnu/libc.so.6
772a32fb0000-772a32fff000 r--p 001b0000 103:02 26757190                  /usr/lib/x86_64-linux-gnu/libc.so.6
772a32fff000-772a33003000 r--p 001fe000 103:02 26757190                  /usr/lib/x86_64-linux-gnu/libc.so.6
772a33003000-772a33005000 rw-p 00202000 103:02 26757190                  /usr/lib/x86_64-linux-gnu/libc.so.6
772a33005000-772a33012000 rw-p 00000000 00:00 0 
772a33018000-772a3301a000 rw-p 00000000 00:00 0 
772a3301a000-772a3301c000 r--p 00000000 103:02 27153376                  /usr/lib/jvm/java-21-openjdk-amd64/lib/libjli.so
772a3301c000-772a33026000 r-xp 00002000 103:02 27153376                  /usr/lib/jvm/java-21-openjdk-amd64/lib/libjli.so
772a33026000-772a33029000 r--p 0000c000 103:02 27153376                  /usr/lib/jvm/java-21-openjdk-amd64/lib/libjli.so
772a33029000-772a3302a000 r--p 0000f000 103:02 27153376                  /usr/lib/jvm/java-21-openjdk-amd64/lib/libjli.so
772a3302a000-772a3302b000 rw-p 00010000 103:02 27153376                  /usr/lib/jvm/java-21-openjdk-amd64/lib/libjli.so
772a3302b000-772a3302d000 r--p 00000000 103:02 26750740                  /usr/lib/x86_64-linux-gnu/libz.so.1.3
772a3302d000-772a3303f000 r-xp 00002000 103:02 26750740                  /usr/lib/x86_64-linux-gnu/libz.so.1.3
772a3303f000-772a33045000 r--p 00014000 103:02 26750740                  /usr/lib/x86_64-linux-gnu/libz.so.1.3
772a33045000-772a33046000 r--p 0001a000 103:02 26750740                  /usr/lib/x86_64-linux-gnu/libz.so.1.3
772a33046000-772a33047000 rw-p 0001b000 103:02 26750740                  /usr/lib/x86_64-linux-gnu/libz.so.1.3
772a3304a000-772a33052000 rw-s 00000000 103:02 22413573                  /tmp/hsperfdata_aaniksahaa/118281
772a33052000-772a33053000 ---p 00000000 00:00 0 
772a33053000-772a33054000 r--p 00000000 00:00 0 
772a33054000-772a33055000 ---p 00000000 00:00 0 
772a33055000-772a33057000 r--p 00000000 103:02 27153375                  /usr/lib/jvm/java-21-openjdk-amd64/lib/libjimage.so
772a33057000-772a3305a000 r-xp 00002000 103:02 27153375                  /usr/lib/jvm/java-21-openjdk-amd64/lib/libjimage.so
772a3305a000-772a3305b000 r--p 00005000 103:02 27153375                  /usr/lib/jvm/java-21-openjdk-amd64/lib/libjimage.so
772a3305b000-772a3305c000 r--p 00006000 103:02 27153375                  /usr/lib/jvm/java-21-openjdk-amd64/lib/libjimage.so
772a3305c000-772a3305d000 rw-p 00007000 103:02 27153375                  /usr/lib/jvm/java-21-openjdk-amd64/lib/libjimage.so
772a3305d000-772a3305f000 rw-p 00000000 00:00 0 
772a3305f000-772a33061000 r--p 00000000 00:00 0                          [vvar]
772a33061000-772a33063000 r--p 00000000 00:00 0                          [vvar_vclock]
772a33063000-772a33065000 r-xp 00000000 00:00 0                          [vdso]
772a33065000-772a33066000 r--p 00000000 103:02 26756755                  /usr/lib/x86_64-linux-gnu/ld-linux-x86-64.so.2
772a33066000-772a33091000 r-xp 00001000 103:02 26756755                  /usr/lib/x86_64-linux-gnu/ld-linux-x86-64.so.2
772a33091000-772a3309b000 r--p 0002c000 103:02 26756755                  /usr/lib/x86_64-linux-gnu/ld-linux-x86-64.so.2
772a3309b000-772a3309d000 r--p 00036000 103:02 26756755                  /usr/lib/x86_64-linux-gnu/ld-linux-x86-64.so.2
772a3309d000-772a3309f000 rw-p 00038000 103:02 26756755                  /usr/lib/x86_64-linux-gnu/ld-linux-x86-64.so.2
7fff67290000-7fff672b2000 rw-p 00000000 00:00 0                          [stack]
ffffffffff600000-ffffffffff601000 --xp 00000000 00:00 0                  [vsyscall]
Total number of mappings: 106

JVMTI agents: none


VM Arguments:
jvm_args: -Xms24g -Xmx108g -Djava.library.path=/home/aaniksahaa/research/STELAR-MP/cuda -Djna.debug_load=true -Djna.debug_load.jna=true -Djna.platform.library.path=/home/aaniksahaa/research/STELAR-MP/cuda -Djna.memory.contiguous=true -Djna.memory.contiguous.alignment=8 -Djna.memory.contiguous.size=1024 
java_command: Main -i /home/aaniksahaa/research/STELAR-MP/simphy/data/t_100_g_100_sb_0.000001_spmin_100000_spmax_150000/R1/all_gt.tre -o /home/aaniksahaa/research/STELAR-MP/simphy/data/t_100_g_100_sb_0.000001_spmin_100000_spmax_150000/R1/out-stelar.tre -m GPU_PARALLEL -e NONE --no-expansion
java_class_path (initial): target/stelar-mp-1.0-SNAPSHOT.jar
Launcher Type: SUN_STANDARD

[Global flags]
     intx CICompilerCount                          = 12                                        {product} {ergonomic}
     uint ConcGCThreads                            = 3                                         {product} {ergonomic}
     uint G1ConcRefinementThreads                  = 13                                        {product} {ergonomic}
   size_t G1HeapRegionSize                         = 33554432                                  {product} {ergonomic}
    uintx GCDrainStackTargetSize                   = 64                                        {product} {ergonomic}
   size_t InitialHeapSize                          = 25769803776                               {product} {command line}
   size_t MarkStackSize                            = 4194304                                   {product} {ergonomic}
   size_t MaxHeapSize                              = 115964116992                              {product} {command line}
   size_t MinHeapDeltaBytes                        = 33554432                                  {product} {ergonomic}
   size_t MinHeapSize                              = 25769803776                               {product} {command line}
    uintx NonNMethodCodeHeapSize                   = 7602480                                {pd product} {ergonomic}
    uintx NonProfiledCodeHeapSize                  = 122027880                              {pd product} {ergonomic}
    uintx ProfiledCodeHeapSize                     = 122027880                              {pd product} {ergonomic}
    uintx ReservedCodeCacheSize                    = 251658240                              {pd product} {ergonomic}
     bool SegmentedCodeCache                       = true                                      {product} {ergonomic}
   size_t SoftMaxHeapSize                          = 115964116992                           {manageable} {ergonomic}
     bool UseG1GC                                  = true                                      {product} {ergonomic}

Logging:
Log output configuration:
 #0: stdout all=warning uptime,level,tags foldmultilines=false
 #1: stderr all=off uptime,level,tags foldmultilines=false

Environment Variables:
JAVA_HOME=/usr/lib/jvm/java-21-openjdk-amd64
PATH=/home/aaniksahaa/bin:/home/aaniksahaa/bin:/home/aaniksahaa/bin:/tmp/.mount_CursormbD0Ql/usr/bin:/tmp/.mount_CursormbD0Ql/usr/sbin:/tmp/.mount_CursormbD0Ql/usr/games:/tmp/.mount_CursormbD0Ql/bin:/tmp/.mount_CursormbD0Ql/sbin:/home/aaniksahaa/.nvm/versions/node/v22.12.0/bin:/home/aaniksahaa/bin:/home/aaniksahaa/miniconda3/bin:/home/aaniksahaa/miniconda3/condabin:/home/aaniksahaa/bin:/usr/local/sbin:/usr/local/bin:/usr/sbin:/usr/bin:/sbin:/bin:/usr/games:/usr/local/games:/snap/bin:/snap/bin:/home/aaniksahaa/apps/iqtree-3.0.1-Linux/bin:/home/aaniksahaa/apps/iqtree-3.0.1-Linux/bin:/home/aaniksahaa/.cursor/extensions/ms-python.debugpy-2025.10.0-linux-x64/bundled/scripts/noConfigScripts:/home/aaniksahaa/apps/iqtree-3.0.1-Linux/bin
USERNAME=aaniksahaa
LD_LIBRARY_PATH=/tmp/.mount_CursormbD0Ql/usr/lib/:/tmp/.mount_CursormbD0Ql/usr/lib32/:/tmp/.mount_CursormbD0Ql/usr/lib64/:/tmp/.mount_CursormbD0Ql/lib/:/tmp/.mount_CursormbD0Ql/lib/i386-linux-gnu/:/tmp/.mount_CursormbD0Ql/lib/x86_64-linux-gnu/:/tmp/.mount_CursormbD0Ql/lib/aarch64-linux-gnu/:/tmp/.mount_CursormbD0Ql/lib32/:/tmp/.mount_CursormbD0Ql/lib64/:
SHELL=/bin/bash
DISPLAY=:1
LANG=en_US.UTF-8
TERM=xterm-256color

Active Locale:
LC_ALL=C
LC_COLLATE=C
LC_CTYPE=C
LC_MESSAGES=C
LC_MONETARY=C
LC_NUMERIC=C
LC_TIME=C

Signal Handlers:
   SIGSEGV: crash_handler in libjvm.so, mask=11100100010111111101111111111110, flags=SA_RESTART|SA_SIGINFO, unblocked
    SIGBUS: crash_handler in libjvm.so, mask=11100100010111111101111111111110, flags=SA_RESTART|SA_SIGINFO, unblocked
    SIGFPE: crash_handler in libjvm.so, mask=11100100010111111101111111111110, flags=SA_RESTART|SA_SIGINFO, unblocked
   SIGPIPE: javaSignalHandler in libjvm.so, mask=11100100010111111101111111111110, flags=SA_RESTART|SA_SIGINFO, blocked
   SIGXFSZ: javaSignalHandler in libjvm.so, mask=11100100010111111101111111111110, flags=SA_RESTART|SA_SIGINFO, blocked
    SIGILL: crash_handler in libjvm.so, mask=11100100010111111101111111111110, flags=SA_RESTART|SA_SIGINFO, unblocked
   SIGUSR2: SR_handler in libjvm.so, mask=00000000000000000000000000000000, flags=SA_RESTART|SA_SIGINFO, blocked
    SIGHUP: SIG_DFL, mask=00000000000000000000000000000000, flags=none, blocked
    SIGINT: SIG_DFL, mask=00000000000000000000000000000000, flags=none, blocked
   SIGTERM: SIG_DFL, mask=00000000000000000000000000000000, flags=none, blocked
   SIGQUIT: UserHandler in libjvm.so, mask=11100100010111111101111111111110, flags=SA_RESTART|SA_SIGINFO, blocked
   SIGTRAP: crash_handler in libjvm.so, mask=11100100010111111101111111111110, flags=SA_RESTART|SA_SIGINFO, unblocked


Periodic native trim disabled

---------------  S Y S T E M  ---------------

OS:
DISTRIB_ID=Ubuntu
DISTRIB_RELEASE=24.04
DISTRIB_CODENAME=noble
DISTRIB_DESCRIPTION="Ubuntu 24.04.2 LTS"
uname: Linux 6.14.0-29-generic #29~24.04.1-Ubuntu SMP PREEMPT_DYNAMIC Thu Aug 14 16:52:50 UTC 2 x86_64
OS uptime: 0 days 8:18 hours
libc: glibc 2.39 NPTL 2.39 
rlimit (soft/hard): STACK 8192k/infinity , CORE 0k/infinity , NPROC 61930/61930 , NOFILE 1048576/1048576 , AS infinity/infinity , CPU infinity/infinity , DATA infinity/infinity , FSIZE infinity/infinity , MEMLOCK 2009436k/2009436k
load average: 0.35 0.96 1.14

/proc/meminfo:
MemTotal:       16075516 kB
MemFree:         1352336 kB
MemAvailable:    5809704 kB
Buffers:          336872 kB
Cached:          5498700 kB
SwapCached:          384 kB
Active:          7313512 kB
Inactive:        4118200 kB
Active(anon):    5541836 kB
Inactive(anon):  1186304 kB
Active(file):    1771676 kB
Inactive(file):  2931896 kB
Unevictable:     1674600 kB
Mlocked:             120 kB
SwapTotal:       4194300 kB
SwapFree:        4193532 kB
Zswap:                 0 kB
Zswapped:              0 kB
Dirty:              1404 kB
Writeback:             0 kB
AnonPages:       7271596 kB
Mapped:          1534372 kB
Shmem:           2156368 kB
KReclaimable:     262308 kB
Slab:             635988 kB
SReclaimable:     262308 kB
SUnreclaim:       373680 kB
KernelStack:       33440 kB
PageTables:        93556 kB
SecPageTables:     12484 kB
NFS_Unstable:          0 kB
Bounce:                0 kB
WritebackTmp:          0 kB
CommitLimit:    12232056 kB
Committed_AS:   30668052 kB
VmallocTotal:   34359738367 kB
VmallocUsed:      223500 kB
VmallocChunk:          0 kB
Percpu:            19584 kB
HardwareCorrupted:     0 kB
AnonHugePages:         0 kB
ShmemHugePages:        0 kB
ShmemPmdMapped:        0 kB
FileHugePages:         0 kB
FilePmdMapped:         0 kB
Unaccepted:            0 kB
HugePages_Total:       0
HugePages_Free:        0
HugePages_Rsvd:        0
HugePages_Surp:        0
Hugepagesize:       2048 kB
Hugetlb:               0 kB
DirectMap4k:     1374464 kB
DirectMap2M:    15104000 kB
DirectMap1G:           0 kB

/sys/kernel/mm/transparent_hugepage/enabled: always [madvise] never
/sys/kernel/mm/transparent_hugepage/hpage_pmd_size: 2097152
/sys/kernel/mm/transparent_hugepage/defrag (defrag/compaction efforts parameter): always defer defer+madvise [madvise] never

Process Memory:
Virtual Size: 116207784K (peak: 116207784K)
Resident Set Size: 24828K (peak: 24828K) (anon: 10368K, file: 14460K, shmem: 0K)
Swapped out: 0K
C-Heap outstanding allocations: 36538K, retained: 593K
glibc malloc tunables: (default)

/proc/sys/kernel/threads-max (system-wide limit on the number of threads): 123860
/proc/sys/vm/max_map_count (maximum number of memory map areas a process may have): 1048576
/proc/sys/vm/swappiness (control to define how aggressively the kernel swaps out anonymous memory): 60
/proc/sys/kernel/pid_max (system-wide limit on number of process identifiers): 4194304

container information not found.
Steal ticks since vm start: 0
Steal ticks percentage since vm start:  0.000

CPU: total 16 (initial active 16) (8 cores per cpu, 2 threads per core) family 6 model 183 stepping 1 microcode 0x12f, cx8, cmov, fxsr, ht, mmx, 3dnowpref, sse, sse2, sse3, ssse3, sse4.1, sse4.2, popcnt, lzcnt, tsc, tscinvbit, avx, avx2, aes, erms, clmul, bmi1, bmi2, adx, sha, fma, vzeroupper, clflush, clflushopt, clwb, serialize, rdtscp, rdpid, fsrm, f16c, pku, ospke, cet_ibt, cet_ss
CPU Model and flags from /proc/cpuinfo:
model name	: 13th Gen Intel(R) Core(TM) i5-13450HX
flags		: fpu vme de pse tsc msr pae mce cx8 apic sep mtrr pge mca cmov pat pse36 clflush dts acpi mmx fxsr sse sse2 ss ht tm pbe syscall nx pdpe1gb rdtscp lm constant_tsc art arch_perfmon pebs bts rep_good nopl xtopology nonstop_tsc cpuid aperfmperf tsc_known_freq pni pclmulqdq dtes64 monitor ds_cpl vmx est tm2 ssse3 sdbg fma cx16 xtpr pdcm pcid sse4_1 sse4_2 x2apic movbe popcnt tsc_deadline_timer aes xsave avx f16c rdrand lahf_lm abm 3dnowprefetch cpuid_fault epb ssbd ibrs ibpb stibp ibrs_enhanced tpr_shadow flexpriority ept vpid ept_ad fsgsbase tsc_adjust bmi1 avx2 smep bmi2 erms invpcid rdseed adx smap clflushopt clwb intel_pt sha_ni xsaveopt xsavec xgetbv1 xsaves split_lock_detect user_shstk avx_vnni dtherm ida arat pln pts hwp hwp_notify hwp_act_window hwp_epp hwp_pkg_req hfi vnmi umip pku ospke waitpkg gfni vaes vpclmulqdq rdpid movdiri movdir64b fsrm md_clear serialize arch_lbr ibt flush_l1d arch_capabilities

Online cpus: 0-15
Offline cpus: 
BIOS frequency limitation: <Not Available>
Frequency switch latency (ns): 0
Available cpu frequencies: <Not Available>
Current governor: powersave
Core performance/turbo boost: <Not Available>

Memory: 4k page, physical 16075516k(5809704k free), swap 4194300k(4193532k free)
Page Sizes: 4k

vm_info: OpenJDK 64-Bit Server VM (21.0.8+9-Ubuntu-0ubuntu124.04.1) for linux-amd64 JRE (21.0.8+9-Ubuntu-0ubuntu124.04.1), built on 2025-07-16T21:55:59Z by "buildd" with gcc 13.3.0

END.
